[2m2020-06-23 17:23:49.319[0;39m [32m INFO[0;39m [35m23140[0;39m [2m---[0;39m [2m[  restartedMain][0;39m [36mcom.zyuc.demo.DemoApplication           [0;39m [2m:[0;39m Starting DemoApplication on zyuc with PID 23140 (F:\study-workspace\custom-framework\target\classes started by chenhao in F:\study-workspace\custom-framework)
[2m2020-06-23 17:23:49.324[0;39m [32mDEBUG[0;39m [35m23140[0;39m [2m---[0;39m [2m[  restartedMain][0;39m [36mcom.zyuc.demo.DemoApplication           [0;39m [2m:[0;39m Running with Spring Boot v2.2.6.RELEASE, Spring v5.2.5.RELEASE
[2m2020-06-23 17:23:49.325[0;39m [32m INFO[0;39m [35m23140[0;39m [2m---[0;39m [2m[  restartedMain][0;39m [36mcom.zyuc.demo.DemoApplication           [0;39m [2m:[0;39m No active profile set, falling back to default profiles: default
[2m2020-06-23 17:23:49.449[0;39m [32m INFO[0;39m [35m23140[0;39m [2m---[0;39m [2m[  restartedMain][0;39m [36m.e.DevToolsPropertyDefaultsPostProcessor[0;39m [2m:[0;39m Devtools property defaults active! Set 'spring.devtools.add-properties' to 'false' to disable
[2m2020-06-23 17:23:49.450[0;39m [32m INFO[0;39m [35m23140[0;39m [2m---[0;39m [2m[  restartedMain][0;39m [36m.e.DevToolsPropertyDefaultsPostProcessor[0;39m [2m:[0;39m For additional web related logging consider setting the 'logging.level.web' property to 'DEBUG'
[2m2020-06-23 17:23:51.233[0;39m [32m INFO[0;39m [35m23140[0;39m [2m---[0;39m [2m[  restartedMain][0;39m [36mo.s.b.w.embedded.tomcat.TomcatWebServer [0;39m [2m:[0;39m Tomcat initialized with port(s): 18068 (http)
[2m2020-06-23 17:23:51.245[0;39m [32m INFO[0;39m [35m23140[0;39m [2m---[0;39m [2m[  restartedMain][0;39m [36mo.a.coyote.http11.Http11NioProtocol     [0;39m [2m:[0;39m Initializing ProtocolHandler ["http-nio-18068"]
[2m2020-06-23 17:23:51.247[0;39m [32m INFO[0;39m [35m23140[0;39m [2m---[0;39m [2m[  restartedMain][0;39m [36mo.apache.catalina.core.StandardService  [0;39m [2m:[0;39m Starting service [Tomcat]
[2m2020-06-23 17:23:51.247[0;39m [32m INFO[0;39m [35m23140[0;39m [2m---[0;39m [2m[  restartedMain][0;39m [36morg.apache.catalina.core.StandardEngine [0;39m [2m:[0;39m Starting Servlet engine: [Apache Tomcat/9.0.33]
[2m2020-06-23 17:23:51.365[0;39m [32m INFO[0;39m [35m23140[0;39m [2m---[0;39m [2m[  restartedMain][0;39m [36mo.a.c.c.C.[Tomcat].[localhost].[/test]  [0;39m [2m:[0;39m Initializing Spring embedded WebApplicationContext
[2m2020-06-23 17:23:51.365[0;39m [32m INFO[0;39m [35m23140[0;39m [2m---[0;39m [2m[  restartedMain][0;39m [36mo.s.web.context.ContextLoader           [0;39m [2m:[0;39m Root WebApplicationContext: initialization completed in 1915 ms
[2m2020-06-23 17:23:51.620[0;39m [32m INFO[0;39m [35m23140[0;39m [2m---[0;39m [2m[  restartedMain][0;39m [36mc.a.d.s.b.a.DruidDataSourceAutoConfigure[0;39m [2m:[0;39m Init DruidDataSource
[2m2020-06-23 17:23:53.133[0;39m [32m INFO[0;39m [35m23140[0;39m [2m---[0;39m [2m[  restartedMain][0;39m [36mcom.alibaba.druid.pool.DruidDataSource  [0;39m [2m:[0;39m {dataSource-1} inited
[2m2020-06-23 17:23:53.694[0;39m [32m INFO[0;39m [35m23140[0;39m [2m---[0;39m [2m[  restartedMain][0;39m [36mo.s.s.concurrent.ThreadPoolTaskExecutor [0;39m [2m:[0;39m Initializing ExecutorService 'applicationTaskExecutor'
[2m2020-06-23 17:23:53.986[0;39m [32m INFO[0;39m [35m23140[0;39m [2m---[0;39m [2m[  restartedMain][0;39m [36mo.s.b.d.a.OptionalLiveReloadServer      [0;39m [2m:[0;39m LiveReload server is running on port 35729
[2m2020-06-23 17:23:54.014[0;39m [32m INFO[0;39m [35m23140[0;39m [2m---[0;39m [2m[  restartedMain][0;39m [36mo.a.coyote.http11.Http11NioProtocol     [0;39m [2m:[0;39m Starting ProtocolHandler ["http-nio-18068"]
[2m2020-06-23 17:23:54.049[0;39m [32m INFO[0;39m [35m23140[0;39m [2m---[0;39m [2m[  restartedMain][0;39m [36mo.s.b.w.embedded.tomcat.TomcatWebServer [0;39m [2m:[0;39m Tomcat started on port(s): 18068 (http) with context path '/test'
[2m2020-06-23 17:23:54.052[0;39m [32m INFO[0;39m [35m23140[0;39m [2m---[0;39m [2m[  restartedMain][0;39m [36mcom.zyuc.demo.DemoApplication           [0;39m [2m:[0;39m Started DemoApplication in 5.295 seconds (JVM running for 7.791)
[2m2020-06-23 17:24:14.799[0;39m [32m INFO[0;39m [35m23140[0;39m [2m---[0;39m [2m[io-18068-exec-1][0;39m [36mo.a.c.c.C.[Tomcat].[localhost].[/test]  [0;39m [2m:[0;39m Initializing Spring DispatcherServlet 'dispatcherServlet'
[2m2020-06-23 17:24:14.800[0;39m [32m INFO[0;39m [35m23140[0;39m [2m---[0;39m [2m[io-18068-exec-1][0;39m [36mo.s.web.servlet.DispatcherServlet       [0;39m [2m:[0;39m Initializing Servlet 'dispatcherServlet'
[2m2020-06-23 17:24:14.808[0;39m [32m INFO[0;39m [35m23140[0;39m [2m---[0;39m [2m[io-18068-exec-1][0;39m [36mo.s.web.servlet.DispatcherServlet       [0;39m [2m:[0;39m Completed initialization in 8 ms
[2m2020-06-23 17:24:14.852[0;39m [32m INFO[0;39m [35m23140[0;39m [2m---[0;39m [2m[io-18068-exec-1][0;39m [36mcom.zyuc.demo.aspect.HttpAspect         [0;39m [2m:[0;39m com.zyuc.demo.controller.CoreRoleController.selectOne URL http://localhost:18068/test/coreRole/selectOne BEGIN >>>>>>>>>>> 
           INPUT PARAMS >>>>>>>>>>> [null]
[2m2020-06-23 17:24:14.881[0;39m [32mDEBUG[0;39m [35m23140[0;39m [2m---[0;39m [2m[io-18068-exec-1][0;39m [36mcom.zyuc.demo.dao.CoreRoleDao.queryById [0;39m [2m:[0;39m ==>  Preparing: select ID, CODE, NAME, CREATE_TIME, TYPE from core_role where ID = ? 
[2m2020-06-23 17:24:14.986[0;39m [32mDEBUG[0;39m [35m23140[0;39m [2m---[0;39m [2m[io-18068-exec-1][0;39m [36mcom.zyuc.demo.dao.CoreRoleDao.queryById [0;39m [2m:[0;39m ==> Parameters: null
[2m2020-06-23 17:24:15.011[0;39m [32mDEBUG[0;39m [35m23140[0;39m [2m---[0;39m [2m[io-18068-exec-1][0;39m [36mcom.zyuc.demo.dao.CoreRoleDao.queryById [0;39m [2m:[0;39m <==      Total: 0
[2m2020-06-23 17:24:15.022[0;39m [31mERROR[0;39m [35m23140[0;39m [2m---[0;39m [2m[io-18068-exec-1][0;39m [36mcom.zyuc.demo.common.ExceptionHandle    [0;39m [2m:[0;39m ã€ç³»ç»Ÿå¼‚å¸¸ã€‘{}

org.mybatis.spring.MyBatisSystemException: nested exception is org.apache.ibatis.exceptions.PersistenceException: 
### Error querying database.  Cause: java.lang.NullPointerException
### The error may exist in file [F:\study-workspace\custom-framework\target\classes\mapper\CoreRoleDao.xml]
### The error may involve com.zyuc.demo.dao.CoreRoleDao.queryById
### The error occurred while handling results
### SQL: select           ID, CODE, NAME, CREATE_TIME, TYPE         from core_role         where ID = ?
### Cause: java.lang.NullPointerException
	at org.mybatis.spring.MyBatisExceptionTranslator.translateExceptionIfPossible(MyBatisExceptionTranslator.java:92)
	at org.mybatis.spring.SqlSessionTemplate$SqlSessionInterceptor.invoke(SqlSessionTemplate.java:440)
	at com.sun.proxy.$Proxy84.selectOne(Unknown Source)
	at org.mybatis.spring.SqlSessionTemplate.selectOne(SqlSessionTemplate.java:159)
	at org.apache.ibatis.binding.MapperMethod.execute(MapperMethod.java:87)
	at org.apache.ibatis.binding.MapperProxy$PlainMethodInvoker.invoke(MapperProxy.java:144)
	at org.apache.ibatis.binding.MapperProxy.invoke(MapperProxy.java:85)
	at com.sun.proxy.$Proxy85.queryById(Unknown Source)
	at com.zyuc.demo.service.impl.CoreRoleServiceImpl.queryById(CoreRoleServiceImpl.java:35)
	at com.zyuc.demo.controller.CoreRoleController.selectOne(CoreRoleController.java:46)
	at com.zyuc.demo.controller.CoreRoleController$$FastClassBySpringCGLIB$$1bfbeb2c.invoke(<generated>)
	at org.springframework.cglib.proxy.MethodProxy.invoke(MethodProxy.java:218)
	at org.springframework.aop.framework.CglibAopProxy$CglibMethodInvocation.invokeJoinpoint(CglibAopProxy.java:771)
	at org.springframework.aop.framework.ReflectiveMethodInvocation.proceed(ReflectiveMethodInvocation.java:163)
	at org.springframework.aop.framework.CglibAopProxy$CglibMethodInvocation.proceed(CglibAopProxy.java:749)
	at org.springframework.aop.framework.adapter.MethodBeforeAdviceInterceptor.invoke(MethodBeforeAdviceInterceptor.java:56)
	at org.springframework.aop.framework.ReflectiveMethodInvocation.proceed(ReflectiveMethodInvocation.java:175)
	at org.springframework.aop.framework.CglibAopProxy$CglibMethodInvocation.proceed(CglibAopProxy.java:749)
	at org.springframework.aop.framework.adapter.AfterReturningAdviceInterceptor.invoke(AfterReturningAdviceInterceptor.java:55)
	at org.springframework.aop.framework.ReflectiveMethodInvocation.proceed(ReflectiveMethodInvocation.java:175)
	at org.springframework.aop.framework.CglibAopProxy$CglibMethodInvocation.proceed(CglibAopProxy.java:749)
	at org.springframework.aop.interceptor.ExposeInvocationInterceptor.invoke(ExposeInvocationInterceptor.java:95)
	at org.springframework.aop.framework.ReflectiveMethodInvocation.proceed(ReflectiveMethodInvocation.java:186)
	at org.springframework.aop.framework.CglibAopProxy$CglibMethodInvocation.proceed(CglibAopProxy.java:749)
	at org.springframework.aop.framework.CglibAopProxy$DynamicAdvisedInterceptor.intercept(CglibAopProxy.java:691)
	at com.zyuc.demo.controller.CoreRoleController$$EnhancerBySpringCGLIB$$1299f27c.selectOne(<generated>)
	at sun.reflect.NativeMethodAccessorImpl.invoke0(Native Method)
	at sun.reflect.NativeMethodAccessorImpl.invoke(NativeMethodAccessorImpl.java:62)
	at sun.reflect.DelegatingMethodAccessorImpl.invoke(DelegatingMethodAccessorImpl.java:43)
	at java.lang.reflect.Method.invoke(Method.java:498)
	at org.springframework.web.method.support.InvocableHandlerMethod.doInvoke(InvocableHandlerMethod.java:190)
	at org.springframework.web.method.support.InvocableHandlerMethod.invokeForRequest(InvocableHandlerMethod.java:138)
	at org.springframework.web.servlet.mvc.method.annotation.ServletInvocableHandlerMethod.invokeAndHandle(ServletInvocableHandlerMethod.java:105)
	at org.springframework.web.servlet.mvc.method.annotation.RequestMappingHandlerAdapter.invokeHandlerMethod(RequestMappingHandlerAdapter.java:879)
	at org.springframework.web.servlet.mvc.method.annotation.RequestMappingHandlerAdapter.handleInternal(RequestMappingHandlerAdapter.java:793)
	at org.springframework.web.servlet.mvc.method.AbstractHandlerMethodAdapter.handle(AbstractHandlerMethodAdapter.java:87)
	at org.springframework.web.servlet.DispatcherServlet.doDispatch(DispatcherServlet.java:1040)
	at org.springframework.web.servlet.DispatcherServlet.doService(DispatcherServlet.java:943)
	at org.springframework.web.servlet.FrameworkServlet.processRequest(FrameworkServlet.java:1006)
	at org.springframework.web.servlet.FrameworkServlet.doGet(FrameworkServlet.java:898)
	at javax.servlet.http.HttpServlet.service(HttpServlet.java:634)
	at org.springframework.web.servlet.FrameworkServlet.service(FrameworkServlet.java:883)
	at javax.servlet.http.HttpServlet.service(HttpServlet.java:741)
	at org.apache.catalina.core.ApplicationFilterChain.internalDoFilter(ApplicationFilterChain.java:231)
	at org.apache.catalina.core.ApplicationFilterChain.doFilter(ApplicationFilterChain.java:166)
	at org.apache.tomcat.websocket.server.WsFilter.doFilter(WsFilter.java:53)
	at org.apache.catalina.core.ApplicationFilterChain.internalDoFilter(ApplicationFilterChain.java:193)
	at org.apache.catalina.core.ApplicationFilterChain.doFilter(ApplicationFilterChain.java:166)
	at org.springframework.web.filter.RequestContextFilter.doFilterInternal(RequestContextFilter.java:100)
	at org.springframework.web.filter.OncePerRequestFilter.doFilter(OncePerRequestFilter.java:119)
	at org.apache.catalina.core.ApplicationFilterChain.internalDoFilter(ApplicationFilterChain.java:193)
	at org.apache.catalina.core.ApplicationFilterChain.doFilter(ApplicationFilterChain.java:166)
	at org.springframework.web.filter.FormContentFilter.doFilterInternal(FormContentFilter.java:93)
	at org.springframework.web.filter.OncePerRequestFilter.doFilter(OncePerRequestFilter.java:119)
	at org.apache.catalina.core.ApplicationFilterChain.internalDoFilter(ApplicationFilterChain.java:193)
	at org.apache.catalina.core.ApplicationFilterChain.doFilter(ApplicationFilterChain.java:166)
	at org.springframework.web.filter.CharacterEncodingFilter.doFilterInternal(CharacterEncodingFilter.java:201)
	at org.springframework.web.filter.OncePerRequestFilter.doFilter(OncePerRequestFilter.java:119)
	at org.apache.catalina.core.ApplicationFilterChain.internalDoFilter(ApplicationFilterChain.java:193)
	at org.apache.catalina.core.ApplicationFilterChain.doFilter(ApplicationFilterChain.java:166)
	at org.apache.catalina.core.StandardWrapperValve.invoke(StandardWrapperValve.java:202)
	at org.apache.catalina.core.StandardContextValve.invoke(StandardContextValve.java:96)
	at org.apache.catalina.authenticator.AuthenticatorBase.invoke(AuthenticatorBase.java:541)
	at org.apache.catalina.core.StandardHostValve.invoke(StandardHostValve.java:139)
	at org.apache.catalina.valves.ErrorReportValve.invoke(ErrorReportValve.java:92)
	at org.apache.catalina.core.StandardEngineValve.invoke(StandardEngineValve.java:74)
	at org.apache.catalina.connector.CoyoteAdapter.service(CoyoteAdapter.java:343)
	at org.apache.coyote.http11.Http11Processor.service(Http11Processor.java:373)
	at org.apache.coyote.AbstractProcessorLight.process(AbstractProcessorLight.java:65)
	at org.apache.coyote.AbstractProtocol$ConnectionHandler.process(AbstractProtocol.java:868)
	at org.apache.tomcat.util.net.NioEndpoint$SocketProcessor.doRun(NioEndpoint.java:1594)
	at org.apache.tomcat.util.net.SocketProcessorBase.run(SocketProcessorBase.java:49)
	at java.util.concurrent.ThreadPoolExecutor.runWorker(ThreadPoolExecutor.java:1149)
	at java.util.concurrent.ThreadPoolExecutor$Worker.run(ThreadPoolExecutor.java:624)
	at org.apache.tomcat.util.threads.TaskThread$WrappingRunnable.run(TaskThread.java:61)
	at java.lang.Thread.run(Thread.java:748)
Caused by: org.apache.ibatis.exceptions.PersistenceException: 
### Error querying database.  Cause: java.lang.NullPointerException
### The error may exist in file [F:\study-workspace\custom-framework\target\classes\mapper\CoreRoleDao.xml]
### The error may involve com.zyuc.demo.dao.CoreRoleDao.queryById
### The error occurred while handling results
### SQL: select           ID, CODE, NAME, CREATE_TIME, TYPE         from core_role         where ID = ?
### Cause: java.lang.NullPointerException
	at org.apache.ibatis.exceptions.ExceptionFactory.wrapException(ExceptionFactory.java:30)
	at org.apache.ibatis.session.defaults.DefaultSqlSession.selectList(DefaultSqlSession.java:149)
	at org.apache.ibatis.session.defaults.DefaultSqlSession.selectList(DefaultSqlSession.java:140)
	at org.apache.ibatis.session.defaults.DefaultSqlSession.selectOne(DefaultSqlSession.java:76)
	at sun.reflect.NativeMethodAccessorImpl.invoke0(Native Method)
	at sun.reflect.NativeMethodAccessorImpl.invoke(NativeMethodAccessorImpl.java:62)
	at sun.reflect.DelegatingMethodAccessorImpl.invoke(DelegatingMethodAccessorImpl.java:43)
	at java.lang.reflect.Method.invoke(Method.java:498)
	at org.mybatis.spring.SqlSessionTemplate$SqlSessionInterceptor.invoke(SqlSessionTemplate.java:426)
	... 74 common frames omitted
Caused by: java.lang.NullPointerException: null
	at com.zyuc.demo.common.SqlStatementInterceptor.intercept(SqlStatementInterceptor.java:65)
	at org.apache.ibatis.plugin.Plugin.invoke(Plugin.java:61)
	at com.sun.proxy.$Proxy97.query(Unknown Source)
	at org.apache.ibatis.session.defaults.DefaultSqlSession.selectList(DefaultSqlSession.java:147)
	... 81 common frames omitted

[2m2020-06-23 17:24:15.078[0;39m [33m WARN[0;39m [35m23140[0;39m [2m---[0;39m [2m[io-18068-exec-1][0;39m [36m.m.m.a.ExceptionHandlerExceptionResolver[0;39m [2m:[0;39m Resolved [org.mybatis.spring.MyBatisSystemException: nested exception is org.apache.ibatis.exceptions.PersistenceException: 
### Error querying database.  Cause: java.lang.NullPointerException
### The error may exist in file [F:\study-workspace\custom-framework\target\classes\mapper\CoreRoleDao.xml]
### The error may involve com.zyuc.demo.dao.CoreRoleDao.queryById
### The error occurred while handling results
### SQL: select           ID, CODE, NAME, CREATE_TIME, TYPE         from core_role         where ID = ?
### Cause: java.lang.NullPointerException]
