2020-05-08 17:29:18,921 INFO  com.zyuc.demo.DemoApplication[55]: Starting DemoApplication on zyuc with PID 11012 (D:\idea-workspace\log-deal\target\classes started by chenhao in D:\idea-workspace\log-deal)
2020-05-08 17:29:18,921 DEBUG com.zyuc.demo.DemoApplication[56]: Running with Spring Boot v2.2.6.RELEASE, Spring v5.2.5.RELEASE
2020-05-08 17:29:18,921 INFO  com.zyuc.demo.DemoApplication[651]: No active profile set, falling back to default profiles: default
2020-05-08 17:29:20,169 INFO  o.s.b.w.e.t.TomcatWebServer[92]: Tomcat initialized with port(s): 18068 (http)
2020-05-08 17:29:20,169 INFO  o.a.c.http11.Http11NioProtocol[173]: Initializing ProtocolHandler ["http-nio-18068"]
2020-05-08 17:29:20,169 INFO  o.a.c.core.StandardService[173]: Starting service [Tomcat]
2020-05-08 17:29:20,169 INFO  o.a.c.core.StandardEngine[173]: Starting Servlet engine: [Apache Tomcat/9.0.33]
2020-05-08 17:29:20,232 INFO  o.a.c.c.C.[.[.[/test][173]: Initializing Spring embedded WebApplicationContext
2020-05-08 17:29:20,232 INFO  o.s.web.context.ContextLoader[284]: Root WebApplicationContext: initialization completed in 1233 ms
2020-05-08 17:29:20,326 INFO  c.a.d.s.b.a.DruidDataSourceAutoConfigure[56]: Init DruidDataSource
2020-05-08 17:29:20,969 INFO  c.a.druid.pool.DruidDataSource[1010]: {dataSource-1} inited
2020-05-08 17:29:21,204 INFO  o.s.s.c.ThreadPoolTaskExecutor[181]: Initializing ExecutorService 'applicationTaskExecutor'
2020-05-08 17:29:21,377 INFO  o.a.c.http11.Http11NioProtocol[173]: Starting ProtocolHandler ["http-nio-18068"]
2020-05-08 17:29:21,393 INFO  o.s.b.w.e.t.TomcatWebServer[204]: Tomcat started on port(s): 18068 (http) with context path '/test'
2020-05-08 17:29:21,393 INFO  com.zyuc.demo.DemoApplication[61]: Started DemoApplication in 2.895 seconds (JVM running for 3.869)
2020-05-08 17:29:24,243 INFO  o.a.c.c.C.[.[.[/test][173]: Initializing Spring DispatcherServlet 'dispatcherServlet'
2020-05-08 17:29:24,243 INFO  o.s.w.s.DispatcherServlet[525]: Initializing Servlet 'dispatcherServlet'
2020-05-08 17:29:24,248 INFO  o.s.w.s.DispatcherServlet[547]: Completed initialization in 4 ms
2020-05-08 17:29:24,266 INFO  c.zyuc.demo.aspect.HttpAspect[35]: 方法前...
2020-05-08 17:29:24,266 INFO  c.zyuc.demo.aspect.HttpAspect[38]: url=http://127.0.0.1:18068/test/coreRole/selectOne
2020-05-08 17:29:24,266 INFO  c.zyuc.demo.aspect.HttpAspect[41]: method=GET
2020-05-08 17:29:24,266 INFO  c.zyuc.demo.aspect.HttpAspect[44]: ip=127.0.0.1
2020-05-08 17:29:24,266 INFO  c.zyuc.demo.aspect.HttpAspect[47]: class_method=com.zyuc.demo.controller.CoreRoleController.selectOne
2020-05-08 17:29:24,266 INFO  c.zyuc.demo.aspect.HttpAspect[50]: args=21
2020-05-08 17:29:24,297 DEBUG c.z.d.d.CoreRoleDao.queryById[143]: ==>  Preparing: select ID, CODE, NAME, CREATE_TIME, TYPE from core_role where ID = ? 
2020-05-08 17:29:24,388 DEBUG c.z.d.d.CoreRoleDao.queryById[143]: ==> Parameters: 21(Integer)
2020-05-08 17:29:24,419 DEBUG c.z.d.d.CoreRoleDao.queryById[143]: <==      Total: 0
2020-05-08 17:29:24,419 INFO  c.z.d.c.SqlStatementInterceptor[69]: 
┏━━━━━ Debug 
┣ SQL：	 select ID, CODE, NAME, CREATE_TIME, TYPE from core_role where ID = 21
┣ 参数：	 21(java.lang.Integer)
┣ 位置：	 com.zyuc.demo.dao.CoreRoleDao.queryById
┣ 耗时：	 138ms
┣ 返回：	 com.zyuc.demo.entity.CoreRole
┗━━━━━ Debug 

2020-05-08 17:29:24,419 INFO  c.zyuc.demo.aspect.HttpAspect[55]: 方法后...
2020-05-08 17:29:24,419 INFO  c.zyuc.demo.aspect.HttpAspect[60]: response=com.zyuc.demo.common.ResponseMsg@6b78f72f
